#
# A fatal error has been detected by the Java Runtime Environment:
#
#  SIGBUS (0x7) at pc=0x00007f0e7d137963, pid=7883, tid=0x00007f0e6040f700
#
# JRE version: OpenJDK Runtime Environment (8.0_152-b01) (build 1.8.0_152-release-1024-b01)
# Java VM: OpenJDK 64-Bit Server VM (25.152-b01 mixed mode linux-amd64 compressed oops)
# Problematic frame:
# C  [libc.so.6+0xbb963]
#
# Failed to write core dump. Core dumps have been disabled. To enable core dumping, try "ulimit -c unlimited" before starting Java again
#
# If you would like to submit a bug report, please visit:
#   http://bugreport.java.com/bugreport/crash.jsp
#

---------------  T H R E A D  ---------------

Current thread (0x00007f0e28001800):  JavaThread "RMI TCP Connection(40)-127.0.0.1" daemon [_thread_in_vm, id=25026, stack(0x00007f0e6030f000,0x00007f0e60410000)]

siginfo: si_signo: 7 (SIGBUS), si_code: 2 (BUS_ADRERR), si_addr: 0x00000000e3c25000

Registers:
RAX=0x00000000e3bfc9a8, RBX=0x00007f0e28001800, RCX=0x00000000e3c25000, RDX=0x00000000e3c762c0
RSP=0x00007f0e60409768, RBP=0x00007f0e604097d0, RSI=0x0000000000000000, RDI=0x00000000e3bfc9a8
R8 =0x000000000000f329, R9 =0x00007f0e74010fc8, R10=0x0000000000079948, R11=0x0000000000079933
R12=0x0000000100000768, R13=0x0000000000079933, R14=0x00000000e3bfc998, R15=0x00007f0e7cc1f984
RIP=0x00007f0e7d137963, EFLAGS=0x0000000000010206, CSGSFS=0x002b000000000033, ERR=0x0000000000000006
  TRAPNO=0x000000000000000e

Top of Stack: (sp=0x00007f0e60409768)
0x00007f0e60409768:   00007f0e7c703e9a 00000000e2908c18
0x00007f0e60409778:   00007f0e676a56f8 000000000000f329
0x00007f0e60409788:   00000000e3bfc998 000000010002df00
0x00007f0e60409798:   e2909f88e3bd09b8 00000000e2908c18
0x00007f0e604097a8:   00007f0e28001800 0000000100000768
0x00007f0e604097b8:   0000000000079933 00000000e2909f88
0x00007f0e604097c8:   00007f0e28001800 00007f0e60409810
0x00007f0e604097d8:   00007f0e7c63acea 0000000000000007
0x00007f0e604097e8:   00000000e3bd2c78 0000000000000000
0x00007f0e604097f8:   00000000e2908d40 00000000e2909f88
0x00007f0e60409808:   00007f0e28001800 00000000e2908320
0x00007f0e60409818:   00007f0e6506c587 00000000e2908320
0x00007f0e60409828:   00007f0e65fbe740 00007f0e793c3318
0x00007f0e60409838:   00000000e2908320 00000000e3bd09b8
0x00007f0e60409848:   20008157e3bcfd28 00000000e3bd09b8
0x00007f0e60409858:   0000000000079933 00000000a02081d0
0x00007f0e60409868:   00007f0e651138d9 00000000a0207cb0
0x00007f0e60409878:   00007f0e65fb5fe8 00000000a0207ce0
0x00007f0e60409888:   0000000105a5a978 00000000e3bcfd40
0x00007f0e60409898:   00007f0e66a01d58 00000000e1942888
0x00007f0e604098a8:   0000000000000099 00000000e3bcfd28
0x00007f0e604098b8:   00000025a0207ce0 00000000a0207ce0
0x00007f0e604098c8:   0000000105a5a978 00000000a0042bd0
0x00007f0e604098d8:   0000001900000019 00000000000000c7
0x00007f0e604098e8:   00000000e3bcfa10 000000c7e3bcc390
0x00007f0e604098f8:   00000000e3bcd850 0000000000000003
0x00007f0e60409908:   00000000e1942888 0000000000000000
0x00007f0e60409918:   00007f0e65d953cc 00000000e2755dd8
0x00007f0e60409928:   00000000e1942888 00000000e2755e18
0x00007f0e60409938:   00000000e2755e28 00000000a02081d0
0x00007f0e60409948:   00000000e1942888 00000000a0002630
0x00007f0e60409958:   0000000100000020 00000000e2755dd8 

Instructions: (pc=0x00007f0e7d137963)
0x00007f0e7d137943:   7f 47 20 f3 0f 7f 44 17 d0 f3 0f 7f 47 30 f3 0f
0x00007f0e7d137953:   7f 44 17 c0 48 01 fa 48 83 e2 c0 48 39 d1 74 c0
0x00007f0e7d137963:   66 0f 7f 01 66 0f 7f 41 10 66 0f 7f 41 20 66 0f
0x00007f0e7d137973:   7f 41 30 48 83 c1 40 48 39 ca 75 e4 f3 c3 66 48 

Register to memory mapping:

RAX=0x00000000e3bfc9a8 is an oop
